生成启动时间为 2016/10/13 11:22:54。
     1>项目“H:\selfSpace\tracking\tracking\tracking.vcxproj”在节点 2 上(build 个目标)。
     1>InitializeBuildStatus:
         正在对“Debug\tracking.unsuccessfulbuild”执行 Touch 任务。
       ClCompile:
         C:\Program Files (x86)\Microsoft Visual Studio 10.0\VC\bin\CL.exe /c /ZI /nologo /W3 /WX- /Od /Oy- /D WIN32 /D _DEBUG /D _CONSOLE /D _UNICODE /D UNICODE /Gm /EHsc /RTC1 /MDd /GS /fp:precise /Zc:wchar_t /Zc:forScope /Fo"Debug\\" /Fd"Debug\vc100.pdb" /Gd /TP /analyze- /errorReport:prompt main.cpp
         main.cpp
       ManifestResourceCompile:
         C:\Program Files (x86)\Microsoft SDKs\Windows\v7.0A\bin\rc.exe /nologo /fo"Debug\tracking.exe.embed.manifest.res" Debug\tracking_manifest.rc 
       Link:
         C:\Program Files (x86)\Microsoft Visual Studio 10.0\VC\bin\link.exe /ERRORREPORT:PROMPT /OUT:"H:\selfSpace\tracking\Debug\tracking.exe" /INCREMENTAL /NOLOGO opencv_core243d.lib opencv_highgui243d.lib opencv_video243d.lib opencv_ml243d.lib opencv_legacy243d.lib opencv_imgproc243d.lib kernel32.lib user32.lib gdi32.lib winspool.lib comdlg32.lib advapi32.lib shell32.lib ole32.lib oleaut32.lib uuid.lib odbc32.lib odbccp32.lib /MANIFEST /ManifestFile:"Debug\tracking.exe.intermediate.manifest" /MANIFESTUAC:"level='asInvoker' uiAccess='false'" /DEBUG /PDB:"H:\selfSpace\tracking\Debug\tracking.pdb" /SUBSYSTEM:CONSOLE /TLBID:1 /DYNAMICBASE /NXCOMPAT /IMPLIB:"H:\selfSpace\tracking\Debug\tracking.lib" /MACHINE:X86 Debug\tracking.exe.embed.manifest.res
         Debug\main.obj
       Manifest:
         C:\Program Files (x86)\Microsoft SDKs\Windows\v7.0A\bin\mt.exe /nologo /verbose /out:"Debug\tracking.exe.embed.manifest" /manifest Debug\tracking.exe.intermediate.manifest
         C:\Program Files (x86)\Microsoft SDKs\Windows\v7.0A\bin\rc.exe /nologo /fo"Debug\tracking.exe.embed.manifest.res" Debug\tracking_manifest.rc 
       LinkEmbedManifest:
         C:\Program Files (x86)\Microsoft Visual Studio 10.0\VC\bin\link.exe /ERRORREPORT:PROMPT /OUT:"H:\selfSpace\tracking\Debug\tracking.exe" /INCREMENTAL /NOLOGO opencv_core243d.lib opencv_highgui243d.lib opencv_video243d.lib opencv_ml243d.lib opencv_legacy243d.lib opencv_imgproc243d.lib kernel32.lib user32.lib gdi32.lib winspool.lib comdlg32.lib advapi32.lib shell32.lib ole32.lib oleaut32.lib uuid.lib odbc32.lib odbccp32.lib /MANIFEST /ManifestFile:"Debug\tracking.exe.intermediate.manifest" /MANIFESTUAC:"level='asInvoker' uiAccess='false'" /DEBUG /PDB:"H:\selfSpace\tracking\Debug\tracking.pdb" /SUBSYSTEM:CONSOLE /TLBID:1 /DYNAMICBASE /NXCOMPAT /IMPLIB:"H:\selfSpace\tracking\Debug\tracking.lib" /MACHINE:X86 Debug\tracking.exe.embed.manifest.res
         Debug\main.obj
         tracking.vcxproj -> H:\selfSpace\tracking\Debug\tracking.exe
       FinalizeBuildStatus:
         正在删除文件“Debug\tracking.unsuccessfulbuild”。
         正在对“Debug\tracking.lastbuildstate”执行 Touch 任务。
     1>已完成生成项目“H:\selfSpace\tracking\tracking\tracking.vcxproj”(build 个目标)的操作。

生成成功。

已用时间 00:00:03.83
